# JRE version: Java(TM) SE Runtime Environment (7.0_75-b13) (build 1.7.0_75-b13)
# Java VM: Java HotSpot(TM) 64-Bit Server VM (24.75-b04 mixed mode windows-amd64 compressed oops)
Heap
 PSYoungGen      total 210944K, used 0K [0x00000007d5e00000, 0x00000007e4480000, 0x0000000800000000)
  eden space 186880K, 0% used [0x00000007d5e00000,0x00000007d5e00000,0x00000007e1480000)
  from space 24064K, 0% used [0x00000007e2d00000,0x00000007e2d00000,0x00000007e4480000)
  to   space 24576K, 0% used [0x00000007e1480000,0x00000007e1480000,0x00000007e2c80000)
 ParOldGen       total 561664K, used 27781K [0x0000000781a00000, 0x00000007a3e80000, 0x00000007d5e00000)
  object space 561664K, 4% used [0x0000000781a00000,0x00000007835217d0,0x00000007a3e80000)
 PSPermGen       total 131072K, used 131069K [0x0000000779a00000, 0x0000000781a00000, 0x0000000781a00000)
  object space 131072K, 99% used [0x0000000779a00000,0x00000007819ff420,0x0000000781a00000)
GC Heap History (10 events):
Event: 3651.437 GC heap before
{Heap before GC invocations=28 (full 6):
 PSYoungGen      total 207872K, used 192K [0x00000007d5e00000, 0x00000007e4300000, 0x0000000800000000)
  eden space 183296K, 0% used [0x00000007d5e00000,0x00000007d5e00000,0x00000007e1100000)
  from space 24576K, 0% used [0x00000007e2b00000,0x00000007e2b30000,0x00000007e4300000)
  to   space 25600K, 0% used [0x00000007e1100000,0x00000007e1100000,0x00000007e2a00000)
 ParOldGen       total 263680K, used 27802K [0x0000000781a00000, 0x0000000791b80000, 0x00000007d5e00000)
  object space 263680K, 10% used [0x0000000781a00000,0x0000000783526a78,0x0000000791b80000)
 PSPermGen       total 131072K, used 131071K [0x0000000779a00000, 0x0000000781a00000, 0x0000000781a00000)
  object space 131072K, 99% used [0x0000000779a00000,0x00000007819fffe0,0x0000000781a00000)
Event: 3651.681 GC heap after
Heap after GC invocations=28 (full 6):
 PSYoungGen      total 207872K, used 0K [0x00000007d5e00000, 0x00000007e4300000, 0x0000000800000000)
  eden space 183296K, 0% used [0x00000007d5e00000,0x00000007d5e00000,0x00000007e1100000)
  from space 24576K, 0% used [0x00000007e2b00000,0x00000007e2b00000,0x00000007e4300000)
  to   space 25600K, 0% used [0x00000007e1100000,0x00000007e1100000,0x00000007e2a00000)
 ParOldGen       total 352768K, used 27800K [0x0000000781a00000, 0x0000000797280000, 0x00000007d5e00000)
  object space 352768K, 7% used [0x0000000781a00000,0x00000007835262c0,0x0000000797280000)
 PSPermGen       total 131072K, used 131018K [0x0000000779a00000, 0x0000000781a00000, 0x0000000781a00000)
  object space 131072K, 99% used [0x0000000779a00000,0x00000007819f2bf8,0x0000000781a00000)
}
Event: 3651.690 GC heap before
{Heap before GC invocations=29 (full 6):
 PSYoungGen      total 207872K, used 257K [0x00000007d5e00000, 0x00000007e4300000, 0x0000000800000000)
  eden space 183296K, 0% used [0x00000007d5e00000,0x00000007d5e40670,0x00000007e1100000)
  from space 24576K, 0% used [0x00000007e2b00000,0x00000007e2b00000,0x00000007e4300000)
  to   space 25600K, 0% used [0x00000007e1100000,0x00000007e1100000,0x00000007e2a00000)
 ParOldGen       total 352768K, used 27800K [0x0000000781a00000, 0x0000000797280000, 0x00000007d5e00000)
  object space 352768K, 7% used [0x0000000781a00000,0x00000007835262c0,0x0000000797280000)
 PSPermGen       total 131072K, used 131069K [0x0000000779a00000, 0x0000000781a00000, 0x0000000781a00000)
  object space 131072K, 99% used [0x0000000779a00000,0x00000007819ff4a0,0x0000000781a00000)
Event: 3651.703 GC heap after
Heap after GC invocations=29 (full 6):
 PSYoungGen      total 208896K, used 0K [0x00000007d5e00000, 0x00000007e4600000, 0x0000000800000000)
  eden space 183296K, 0% used [0x00000007d5e00000,0x00000007d5e00000,0x00000007e1100000)
  from space 25600K, 0% used [0x00000007e1100000,0x00000007e1100000,0x00000007e2a00000)
  to   space 25600K, 0% used [0x00000007e2d00000,0x00000007e2d00000,0x00000007e4600000)
 ParOldGen       total 352768K, used 27800K [0x0000000781a00000, 0x0000000797280000, 0x00000007d5e00000)
  object space 352768K, 7% used [0x0000000781a00000,0x00000007835262c0,0x0000000797280000)
 PSPermGen       total 131072K, used 131069K [0x0000000779a00000, 0x0000000781a00000, 0x0000000781a00000)
  object space 131072K, 99% used [0x0000000779a00000,0x00000007819ff4a0,0x0000000781a00000)
}
Event: 3651.703 GC heap before
{Heap before GC invocations=30 (full 7):
 PSYoungGen      total 208896K, used 0K [0x00000007d5e00000, 0x00000007e4600000, 0x0000000800000000)
  eden space 183296K, 0% used [0x00000007d5e00000,0x00000007d5e00000,0x00000007e1100000)
  from space 25600K, 0% used [0x00000007e1100000,0x00000007e1100000,0x00000007e2a00000)
  to   space 25600K, 0% used [0x00000007e2d00000,0x00000007e2d00000,0x00000007e4600000)
 ParOldGen       total 352768K, used 27800K [0x0000000781a00000, 0x0000000797280000, 0x00000007d5e00000)
  object space 352768K, 7% used [0x0000000781a00000,0x00000007835262c0,0x0000000797280000)
 PSPermGen       total 131072K, used 131069K [0x0000000779a00000, 0x0000000781a00000, 0x0000000781a00000)
  object space 131072K, 99% used [0x0000000779a00000,0x00000007819ff4a0,0x0000000781a00000)
Event: 3652.026 GC heap after
Heap after GC invocations=30 (full 7):
 PSYoungGen      total 208896K, used 0K [0x00000007d5e00000, 0x00000007e4600000, 0x0000000800000000)
  eden space 183296K, 0% used [0x00000007d5e00000,0x00000007d5e00000,0x00000007e1100000)
  from space 25600K, 0% used [0x00000007e1100000,0x00000007e1100000,0x00000007e2a00000)
  to   space 25600K, 0% used [0x00000007e2d00000,0x00000007e2d00000,0x00000007e4600000)
 ParOldGen       total 444928K, used 27785K [0x0000000781a00000, 0x000000079cc80000, 0x00000007d5e00000)
  object space 444928K, 6% used [0x0000000781a00000,0x0000000783522478,0x000000079cc80000)
 PSPermGen       total 131072K, used 131069K [0x0000000779a00000, 0x0000000781a00000, 0x0000000781a00000)
  object space 131072K, 99% used [0x0000000779a00000,0x00000007819ff420,0x0000000781a00000)
}
Event: 3652.026 GC heap before
{Heap before GC invocations=31 (full 7):
 PSYoungGen      total 208896K, used 0K [0x00000007d5e00000, 0x00000007e4600000, 0x0000000800000000)
  eden space 183296K, 0% used [0x00000007d5e00000,0x00000007d5e00000,0x00000007e1100000)
  from space 25600K, 0% used [0x00000007e1100000,0x00000007e1100000,0x00000007e2a00000)
  to   space 25600K, 0% used [0x00000007e2d00000,0x00000007e2d00000,0x00000007e4600000)
 ParOldGen       total 444928K, used 27785K [0x0000000781a00000, 0x000000079cc80000, 0x00000007d5e00000)
  object space 444928K, 6% used [0x0000000781a00000,0x0000000783522478,0x000000079cc80000)
 PSPermGen       total 131072K, used 131069K [0x0000000779a00000, 0x0000000781a00000, 0x0000000781a00000)
  object space 131072K, 99% used [0x0000000779a00000,0x00000007819ff420,0x0000000781a00000)
Event: 3652.049 GC heap after
Heap after GC invocations=31 (full 7):
 PSYoungGen      total 210944K, used 0K [0x00000007d5e00000, 0x00000007e4480000, 0x0000000800000000)
  eden space 186880K, 0% used [0x00000007d5e00000,0x00000007d5e00000,0x00000007e1480000)
  from space 24064K, 0% used [0x00000007e2d00000,0x00000007e2d00000,0x00000007e4480000)
  to   space 24576K, 0% used [0x00000007e1480000,0x00000007e1480000,0x00000007e2c80000)
 ParOldGen       total 444928K, used 27785K [0x0000000781a00000, 0x000000079cc80000, 0x00000007d5e00000)
  object space 444928K, 6% used [0x0000000781a00000,0x0000000783522478,0x000000079cc80000)
 PSPermGen       total 131072K, used 131069K [0x0000000779a00000, 0x0000000781a00000, 0x0000000781a00000)
  object space 131072K, 99% used [0x0000000779a00000,0x00000007819ff420,0x0000000781a00000)
}
Event: 3652.049 GC heap before
{Heap before GC invocations=32 (full 8):
 PSYoungGen      total 210944K, used 0K [0x00000007d5e00000, 0x00000007e4480000, 0x0000000800000000)
  eden space 186880K, 0% used [0x00000007d5e00000,0x00000007d5e00000,0x00000007e1480000)
  from space 24064K, 0% used [0x00000007e2d00000,0x00000007e2d00000,0x00000007e4480000)
  to   space 24576K, 0% used [0x00000007e1480000,0x00000007e1480000,0x00000007e2c80000)
 ParOldGen       total 444928K, used 27785K [0x0000000781a00000, 0x000000079cc80000, 0x00000007d5e00000)
  object space 444928K, 6% used [0x0000000781a00000,0x0000000783522478,0x000000079cc80000)
 PSPermGen       total 131072K, used 131069K [0x0000000779a00000, 0x0000000781a00000, 0x0000000781a00000)
  object space 131072K, 99% used [0x0000000779a00000,0x00000007819ff420,0x0000000781a00000)
Event: 3652.261 GC heap after
Heap after GC invocations=32 (full 8):
 PSYoungGen      total 210944K, used 0K [0x00000007d5e00000, 0x00000007e4480000, 0x0000000800000000)
  eden space 186880K, 0% used [0x00000007d5e00000,0x00000007d5e00000,0x00000007e1480000)
  from space 24064K, 0% used [0x00000007e2d00000,0x00000007e2d00000,0x00000007e4480000)
  to   space 24576K, 0% used [0x00000007e1480000,0x00000007e1480000,0x00000007e2c80000)
 ParOldGen       total 561664K, used 27781K [0x0000000781a00000, 0x00000007a3e80000, 0x00000007d5e00000)
  object space 561664K, 4% used [0x0000000781a00000,0x00000007835217d0,0x00000007a3e80000)
 PSPermGen       total 131072K, used 131069K [0x0000000779a00000, 0x0000000781a00000, 0x0000000781a00000)
  object space 131072K, 99% used [0x0000000779a00000,0x00000007819ff420,0x0000000781a00000)
}

